#
# There is insufficient memory for the Java Runtime Environment to continue.
# Native memory allocation (malloc) failed to allocate 32744 bytes for ChunkPool::allocate
# Possible reasons:
#   The system is out of physical RAM or swap space
#   The process is running with CompressedOops enabled, and the Java Heap may be blocking the growth of the native heap
# Possible solutions:
#   Reduce memory load on the system
#   Increase physical memory or swap space
#   Check if swap backing store is full
#   Decrease Java heap size (-Xmx/-Xms)
#   Decrease number of Java threads
#   Decrease Java thread stack sizes (-Xss)
#   Set larger code cache with -XX:ReservedCodeCacheSize=
#   JVM is running with Unscaled Compressed Oops mode in which the Java heap is
#     placed in the first 4GB address space. The Java Heap base address is the
#     maximum limit for the native heap growth. Please use -XX:HeapBaseMinAddress
#     to set the Java Heap base and to place the Java Heap above 4GB virtual address.
# This output file may be truncated or incomplete.
#
#  Out of Memory Error (./src/hotspot/share/memory/arena.cpp:81), pid=3492, tid=6728
#
# JRE version: OpenJDK Runtime Environment (11.0.11+9) (build 11.0.11+9-b60-7590822)
# Java VM: OpenJDK 64-Bit Server VM (11.0.11+9-b60-7590822, mixed mode, tiered, compressed oops, g1 gc, windows-amd64)
# No core dump will be written. Minidumps are not enabled by default on client versions of Windows
#

---------------  S U M M A R Y ------------

Command Line: org.jetbrains.git4idea.http.GitAskPassApp Password for 'https://Anggihasian009@github.com': 

Host: Intel(R) Core(TM) i7-9750HF CPU @ 2.60GHz, 12 cores, 7G,  Windows 10 , 64 bit Build 19041 (10.0.19041.1503)
Time: Tue Feb 22 23:01:55 2022 SE Asia Standard Time elapsed time: 2.290532 seconds (0d 0h 0m 2s)

---------------  T H R E A D  ---------------

Current thread (0x00000124724bd800):  JavaThread "C1 CompilerThread0" daemon [_thread_in_native, id=6728, stack(0x0000001b3ee00000,0x0000001b3ef00000)]


Current CompileTask:
C1:   2290  179       3       sun.invoke.util.Wrapper::hashPrim (30 bytes)

Stack: [0x0000001b3ee00000,0x0000001b3ef00000]
Native frames: (J=compiled Java code, j=interpreted, Vv=VM code, C=native code)
V  [jvm.dll+0x5f214a]
V  [jvm.dll+0x726fb5]
V  [jvm.dll+0x7285cd]
V  [jvm.dll+0x728c83]
V  [jvm.dll+0x243278]
V  [jvm.dll+0xbc78b]
V  [jvm.dll+0xbca3c]
V  [jvm.dll+0x16b854]
V  [jvm.dll+0x169f5e]
V  [jvm.dll+0x12401c]
V  [jvm.dll+0x123b29]
V  [jvm.dll+0x123c93]
V  [jvm.dll+0x122fa7]
V  [jvm.dll+0x124b77]
V  [jvm.dll+0x209a57]
V  [jvm.dll+0x2082a1]
V  [jvm.dll+0x6ef58f]
V  [jvm.dll+0x6e80b5]
V  [jvm.dll+0x5f1036]
C  [ucrtbase.dll+0x21bb2]
C  [KERNEL32.DLL+0x17034]
C  [ntdll.dll+0x52651]


---------------  P R O C E S S  ---------------

Threads class SMR info:
_java_thread_list=0x0000012472628200, length=10, elements={
0x00000124572ef800, 0x0000012471b44800, 0x0000012471b52000, 0x0000012471b64800,
0x0000012471b65800, 0x0000012471b66800, 0x0000012471b6d000, 0x00000124724bd800,
0x00000124724bf000, 0x000001247262f800
}

Java Threads: ( => current thread )
  0x00000124572ef800 JavaThread "main" [_thread_in_vm, id=14412, stack(0x0000001b3e100000,0x0000001b3e200000)]
  0x0000012471b44800 JavaThread "Reference Handler" daemon [_thread_blocked, id=10336, stack(0x0000001b3e800000,0x0000001b3e900000)]
  0x0000012471b52000 JavaThread "Finalizer" daemon [_thread_blocked, id=10876, stack(0x0000001b3e900000,0x0000001b3ea00000)]
  0x0000012471b64800 JavaThread "Signal Dispatcher" daemon [_thread_blocked, id=10932, stack(0x0000001b3ea00000,0x0000001b3eb00000)]
  0x0000012471b65800 JavaThread "Attach Listener" daemon [_thread_blocked, id=15112, stack(0x0000001b3eb00000,0x0000001b3ec00000)]
  0x0000012471b66800 JavaThread "Service Thread" daemon [_thread_blocked, id=20820, stack(0x0000001b3ec00000,0x0000001b3ed00000)]
  0x0000012471b6d000 JavaThread "C2 CompilerThread0" daemon [_thread_blocked, id=14812, stack(0x0000001b3ed00000,0x0000001b3ee00000)]
=>0x00000124724bd800 JavaThread "C1 CompilerThread0" daemon [_thread_in_native, id=6728, stack(0x0000001b3ee00000,0x0000001b3ef00000)]
  0x00000124724bf000 JavaThread "Sweeper thread" daemon [_thread_blocked, id=1364, stack(0x0000001b3ef00000,0x0000001b3f000000)]
  0x000001247262f800 JavaThread "Common-Cleaner" daemon [_thread_blocked, id=20748, stack(0x0000001b3f100000,0x0000001b3f200000)]

Other Threads:
  0x0000012471b20000 VMThread "VM Thread" [stack: 0x0000001b3e700000,0x0000001b3e800000] [id=928]
  0x000001247262b000 WatcherThread [stack: 0x0000001b3f000000,0x0000001b3f100000] [id=19900]
  0x0000012457307800 GCTaskThread "GC Thread#0" [stack: 0x0000001b3e200000,0x0000001b3e300000] [id=18428]
  0x0000012457338000 ConcurrentGCThread "G1 Main Marker" [stack: 0x0000001b3e300000,0x0000001b3e400000] [id=11784]
  0x0000012457339800 ConcurrentGCThread "G1 Conc#0" [stack: 0x0000001b3e400000,0x0000001b3e500000] [id=6676]
  0x0000012471991800 ConcurrentGCThread "G1 Refine#0" [stack: 0x0000001b3e500000,0x0000001b3e600000] [id=16524]
  0x0000012471992800 ConcurrentGCThread "G1 Young RemSet Sampling" [stack: 0x0000001b3e600000,0x0000001b3e700000] [id=4464]

Threads with active compile tasks:
C1 CompilerThread0   2326  179       3       sun.invoke.util.Wrapper::hashPrim (30 bytes)

VM state:not at safepoint (normal execution)

VM Mutex/Monitor currently owned by a thread: None

Heap address: 0x0000000081200000, size: 2030 MB, Compressed Oops mode: 32-bit
Narrow klass base: 0x0000000000000000, Narrow klass shift: 3
Compressed class space size: 1073741824 Address: 0x0000000100000000

Heap:
 garbage-first heap   total 131072K, used 1024K [0x0000000081200000, 0x0000000100000000)
  region size 1024K, 2 young (2048K), 0 survivors (0K)
 Metaspace       used 6185K, capacity 6253K, committed 6528K, reserved 1060864K
  class space    used 541K, capacity 570K, committed 640K, reserved 1048576K
Heap Regions: E=young(eden), S=young(survivor), O=old, HS=humongous(starts), HC=humongous(continues), CS=collection set, F=free, A=archive, TAMS=top-at-mark-start (previous, next)
|   0|0x0000000081200000, 0x0000000081200000, 0x0000000081300000|  0%| F|  |TAMS 0x0000000081200000, 0x0000000081200000| Untracked 
|   1|0x0000000081300000, 0x0000000081300000, 0x0000000081400000|  0%| F|  |TAMS 0x0000000081300000, 0x0000000081300000| Untracked 
|   2|0x0000000081400000, 0x0000000081400000, 0x0000000081500000|  0%| F|  |TAMS 0x0000000081400000, 0x0000000081400000| Untracked 
|   3|0x0000000081500000, 0x0000000081500000, 0x0000000081600000|  0%| F|  |TAMS 0x0000000081500000, 0x0000000081500000| Untracked 
|   4|0x0000000081600000, 0x0000000081600000, 0x0000000081700000|  0%| F|  |TAMS 0x0000000081600000, 0x0000000081600000| Untracked 
|   5|0x0000000081700000, 0x0000000081700000, 0x0000000081800000|  0%| F|  |TAMS 0x0000000081700000, 0x0000000081700000| Untracked 
|   6|0x0000000081800000, 0x0000000081800000, 0x0000000081900000|  0%| F|  |TAMS 0x0000000081800000, 0x0000000081800000| Untracked 
|   7|0x0000000081900000, 0x0000000081900000, 0x0000000081a00000|  0%| F|  |TAMS 0x0000000081900000, 0x0000000081900000| Untracked 
|   8|0x0000000081a00000, 0x0000000081a00000, 0x0000000081b00000|  0%| F|  |TAMS 0x0000000081a00000, 0x0000000081a00000| Untracked 
|   9|0x0000000081b00000, 0x0000000081b00000, 0x0000000081c00000|  0%| F|  |TAMS 0x0000000081b00000, 0x0000000081b00000| Untracked 
|  10|0x0000000081c00000, 0x0000000081c00000, 0x0000000081d00000|  0%| F|  |TAMS 0x0000000081c00000, 0x0000000081c00000| Untracked 
|  11|0x0000000081d00000, 0x0000000081d00000, 0x0000000081e00000|  0%| F|  |TAMS 0x0000000081d00000, 0x0000000081d00000| Untracked 
|  12|0x0000000081e00000, 0x0000000081e00000, 0x0000000081f00000|  0%| F|  |TAMS 0x0000000081e00000, 0x0000000081e00000| Untracked 
|  13|0x0000000081f00000, 0x0000000081f00000, 0x0000000082000000|  0%| F|  |TAMS 0x0000000081f00000, 0x0000000081f00000| Untracked 
|  14|0x0000000082000000, 0x0000000082000000, 0x0000000082100000|  0%| F|  |TAMS 0x0000000082000000, 0x0000000082000000| Untracked 
|  15|0x0000000082100000, 0x0000000082100000, 0x0000000082200000|  0%| F|  |TAMS 0x0000000082100000, 0x0000000082100000| Untracked 
|  16|0x0000000082200000, 0x0000000082200000, 0x0000000082300000|  0%| F|  |TAMS 0x0000000082200000, 0x0000000082200000| Untracked 
|  17|0x0000000082300000, 0x0000000082300000, 0x0000000082400000|  0%| F|  |TAMS 0x0000000082300000, 0x0000000082300000| Untracked 
|  18|0x0000000082400000, 0x0000000082400000, 0x0000000082500000|  0%| F|  |TAMS 0x0000000082400000, 0x0000000082400000| Untracked 
|  19|0x0000000082500000, 0x0000000082500000, 0x0000000082600000|  0%| F|  |TAMS 0x0000000082500000, 0x0000000082500000| Untracked 
|  20|0x0000000082600000, 0x0000000082600000, 0x0000000082700000|  0%| F|  |TAMS 0x0000000082600000, 0x0000000082600000| Untracked 
|  21|0x0000000082700000, 0x0000000082700000, 0x0000000082800000|  0%| F|  |TAMS 0x0000000082700000, 0x0000000082700000| Untracked 
|  22|0x0000000082800000, 0x0000000082800000, 0x0000000082900000|  0%| F|  |TAMS 0x0000000082800000, 0x0000000082800000| Untracked 
|  23|0x0000000082900000, 0x0000000082900000, 0x0000000082a00000|  0%| F|  |TAMS 0x0000000082900000, 0x0000000082900000| Untracked 
|  24|0x0000000082a00000, 0x0000000082a00000, 0x0000000082b00000|  0%| F|  |TAMS 0x0000000082a00000, 0x0000000082a00000| Untracked 
|  25|0x0000000082b00000, 0x0000000082b00000, 0x0000000082c00000|  0%| F|  |TAMS 0x0000000082b00000, 0x0000000082b00000| Untracked 
|  26|0x0000000082c00000, 0x0000000082c00000, 0x0000000082d00000|  0%| F|  |TAMS 0x0000000082c00000, 0x0000000082c00000| Untracked 
|  27|0x0000000082d00000, 0x0000000082d00000, 0x0000000082e00000|  0%| F|  |TAMS 0x0000000082d00000, 0x0000000082d00000| Untracked 
|  28|0x0000000082e00000, 0x0000000082e00000, 0x0000000082f00000|  0%| F|  |TAMS 0x0000000082e00000, 0x0000000082e00000| Untracked 
|  29|0x0000000082f00000, 0x0000000082f00000, 0x0000000083000000|  0%| F|  |TAMS 0x0000000082f00000, 0x0000000082f00000| Untracked 
|  30|0x0000000083000000, 0x0000000083000000, 0x0000000083100000|  0%| F|  |TAMS 0x0000000083000000, 0x0000000083000000| Untracked 
|  31|0x0000000083100000, 0x0000000083100000, 0x0000000083200000|  0%| F|  |TAMS 0x0000000083100000, 0x0000000083100000| Untracked 
|  32|0x0000000083200000, 0x0000000083200000, 0x0000000083300000|  0%| F|  |TAMS 0x0000000083200000, 0x0000000083200000| Untracked 
|  33|0x0000000083300000, 0x0000000083300000, 0x0000000083400000|  0%| F|  |TAMS 0x0000000083300000, 0x0000000083300000| Untracked 
|  34|0x0000000083400000, 0x0000000083400000, 0x0000000083500000|  0%| F|  |TAMS 0x0000000083400000, 0x0000000083400000| Untracked 
|  35|0x0000000083500000, 0x0000000083500000, 0x0000000083600000|  0%| F|  |TAMS 0x0000000083500000, 0x0000000083500000| Untracked 
|  36|0x0000000083600000, 0x0000000083600000, 0x0000000083700000|  0%| F|  |TAMS 0x0000000083600000, 0x0000000083600000| Untracked 
|  37|0x0000000083700000, 0x0000000083700000, 0x0000000083800000|  0%| F|  |TAMS 0x0000000083700000, 0x0000000083700000| Untracked 
|  38|0x0000000083800000, 0x0000000083800000, 0x0000000083900000|  0%| F|  |TAMS 0x0000000083800000, 0x0000000083800000| Untracked 
|  39|0x0000000083900000, 0x0000000083900000, 0x0000000083a00000|  0%| F|  |TAMS 0x0000000083900000, 0x0000000083900000| Untracked 
|  40|0x0000000083a00000, 0x0000000083a00000, 0x0000000083b00000|  0%| F|  |TAMS 0x0000000083a00000, 0x0000000083a00000| Untracked 
|  41|0x0000000083b00000, 0x0000000083b00000, 0x0000000083c00000|  0%| F|  |TAMS 0x0000000083b00000, 0x0000000083b00000| Untracked 
|  42|0x0000000083c00000, 0x0000000083c00000, 0x0000000083d00000|  0%| F|  |TAMS 0x0000000083c00000, 0x0000000083c00000| Untracked 
|  43|0x0000000083d00000, 0x0000000083d00000, 0x0000000083e00000|  0%| F|  |TAMS 0x0000000083d00000, 0x0000000083d00000| Untracked 
|  44|0x0000000083e00000, 0x0000000083e00000, 0x0000000083f00000|  0%| F|  |TAMS 0x0000000083e00000, 0x0000000083e00000| Untracked 
|  45|0x0000000083f00000, 0x0000000083f00000, 0x0000000084000000|  0%| F|  |TAMS 0x0000000083f00000, 0x0000000083f00000| Untracked 
|  46|0x0000000084000000, 0x0000000084000000, 0x0000000084100000|  0%| F|  |TAMS 0x0000000084000000, 0x0000000084000000| Untracked 
|  47|0x0000000084100000, 0x0000000084100000, 0x0000000084200000|  0%| F|  |TAMS 0x0000000084100000, 0x0000000084100000| Untracked 
|  48|0x0000000084200000, 0x0000000084200000, 0x0000000084300000|  0%| F|  |TAMS 0x0000000084200000, 0x0000000084200000| Untracked 
|  49|0x0000000084300000, 0x0000000084300000, 0x0000000084400000|  0%| F|  |TAMS 0x0000000084300000, 0x0000000084300000| Untracked 
|  50|0x0000000084400000, 0x0000000084400000, 0x0000000084500000|  0%| F|  |TAMS 0x0000000084400000, 0x0000000084400000| Untracked 
|  51|0x0000000084500000, 0x0000000084500000, 0x0000000084600000|  0%| F|  |TAMS 0x0000000084500000, 0x0000000084500000| Untracked 
|  52|0x0000000084600000, 0x0000000084600000, 0x0000000084700000|  0%| F|  |TAMS 0x0000000084600000, 0x0000000084600000| Untracked 
|  53|0x0000000084700000, 0x0000000084700000, 0x0000000084800000|  0%| F|  |TAMS 0x0000000084700000, 0x0000000084700000| Untracked 
|  54|0x0000000084800000, 0x0000000084800000, 0x0000000084900000|  0%| F|  |TAMS 0x0000000084800000, 0x0000000084800000| Untracked 
|  55|0x0000000084900000, 0x0000000084900000, 0x0000000084a00000|  0%| F|  |TAMS 0x0000000084900000, 0x0000000084900000| Untracked 
|  56|0x0000000084a00000, 0x0000000084a00000, 0x0000000084b00000|  0%| F|  |TAMS 0x0000000084a00000, 0x0000000084a00000| Untracked 
|  57|0x0000000084b00000, 0x0000000084b00000, 0x0000000084c00000|  0%| F|  |TAMS 0x0000000084b00000, 0x0000000084b00000| Untracked 
|  58|0x0000000084c00000, 0x0000000084c00000, 0x0000000084d00000|  0%| F|  |TAMS 0x0000000084c00000, 0x0000000084c00000| Untracked 
|  59|0x0000000084d00000, 0x0000000084d00000, 0x0000000084e00000|  0%| F|  |TAMS 0x0000000084d00000, 0x0000000084d00000| Untracked 
|  60|0x0000000084e00000, 0x0000000084e00000, 0x0000000084f00000|  0%| F|  |TAMS 0x0000000084e00000, 0x0000000084e00000| Untracked 
|  61|0x0000000084f00000, 0x0000000084f00000, 0x0000000085000000|  0%| F|  |TAMS 0x0000000084f00000, 0x0000000084f00000| Untracked 
|  62|0x0000000085000000, 0x0000000085000000, 0x0000000085100000|  0%| F|  |TAMS 0x0000000085000000, 0x0000000085000000| Untracked 
|  63|0x0000000085100000, 0x0000000085100000, 0x0000000085200000|  0%| F|  |TAMS 0x0000000085100000, 0x0000000085100000| Untracked 
|  64|0x0000000085200000, 0x0000000085200000, 0x0000000085300000|  0%| F|  |TAMS 0x0000000085200000, 0x0000000085200000| Untracked 
|  65|0x0000000085300000, 0x0000000085300000, 0x0000000085400000|  0%| F|  |TAMS 0x0000000085300000, 0x0000000085300000| Untracked 
|  66|0x0000000085400000, 0x0000000085400000, 0x0000000085500000|  0%| F|  |TAMS 0x0000000085400000, 0x0000000085400000| Untracked 
|  67|0x0000000085500000, 0x0000000085500000, 0x0000000085600000|  0%| F|  |TAMS 0x0000000085500000, 0x0000000085500000| Untracked 
|  68|0x0000000085600000, 0x0000000085600000, 0x0000000085700000|  0%| F|  |TAMS 0x0000000085600000, 0x0000000085600000| Untracked 
|  69|0x0000000085700000, 0x0000000085700000, 0x0000000085800000|  0%| F|  |TAMS 0x0000000085700000, 0x0000000085700000| Untracked 
|  70|0x0000000085800000, 0x0000000085800000, 0x0000000085900000|  0%| F|  |TAMS 0x0000000085800000, 0x0000000085800000| Untracked 
|  71|0x0000000085900000, 0x0000000085900000, 0x0000000085a00000|  0%| F|  |TAMS 0x0000000085900000, 0x0000000085900000| Untracked 
|  72|0x0000000085a00000, 0x0000000085a00000, 0x0000000085b00000|  0%| F|  |TAMS 0x0000000085a00000, 0x0000000085a00000| Untracked 
|  73|0x0000000085b00000, 0x0000000085b00000, 0x0000000085c00000|  0%| F|  |TAMS 0x0000000085b00000, 0x0000000085b00000| Untracked 
|  74|0x0000000085c00000, 0x0000000085c00000, 0x0000000085d00000|  0%| F|  |TAMS 0x0000000085c00000, 0x0000000085c00000| Untracked 
|  75|0x0000000085d00000, 0x0000000085d00000, 0x0000000085e00000|  0%| F|  |TAMS 0x0000000085d00000, 0x0000000085d00000| Untracked 
|  76|0x0000000085e00000, 0x0000000085e00000, 0x0000000085f00000|  0%| F|  |TAMS 0x0000000085e00000, 0x0000000085e00000| Untracked 
|  77|0x0000000085f00000, 0x0000000085f00000, 0x0000000086000000|  0%| F|  |TAMS 0x0000000085f00000, 0x0000000085f00000| Untracked 
|  78|0x0000000086000000, 0x0000000086000000, 0x0000000086100000|  0%| F|  |TAMS 0x0000000086000000, 0x0000000086000000| Untracked 
|  79|0x0000000086100000, 0x0000000086100000, 0x0000000086200000|  0%| F|  |TAMS 0x0000000086100000, 0x0000000086100000| Untracked 
|  80|0x0000000086200000, 0x0000000086200000, 0x0000000086300000|  0%| F|  |TAMS 0x0000000086200000, 0x0000000086200000| Untracked 
|  81|0x0000000086300000, 0x0000000086300000, 0x0000000086400000|  0%| F|  |TAMS 0x0000000086300000, 0x0000000086300000| Untracked 
|  82|0x0000000086400000, 0x0000000086400000, 0x0000000086500000|  0%| F|  |TAMS 0x0000000086400000, 0x0000000086400000| Untracked 
|  83|0x0000000086500000, 0x0000000086500000, 0x0000000086600000|  0%| F|  |TAMS 0x0000000086500000, 0x0000000086500000| Untracked 
|  84|0x0000000086600000, 0x0000000086600000, 0x0000000086700000|  0%| F|  |TAMS 0x0000000086600000, 0x0000000086600000| Untracked 
|  85|0x0000000086700000, 0x0000000086700000, 0x0000000086800000|  0%| F|  |TAMS 0x0000000086700000, 0x0000000086700000| Untracked 
|  86|0x0000000086800000, 0x0000000086800000, 0x0000000086900000|  0%| F|  |TAMS 0x0000000086800000, 0x0000000086800000| Untracked 
|  87|0x0000000086900000, 0x0000000086900000, 0x0000000086a00000|  0%| F|  |TAMS 0x0000000086900000, 0x0000000086900000| Untracked 
|  88|0x0000000086a00000, 0x0000000086a00000, 0x0000000086b00000|  0%| F|  |TAMS 0x0000000086a00000, 0x0000000086a00000| Untracked 
|  89|0x0000000086b00000, 0x0000000086b00000, 0x0000000086c00000|  0%| F|  |TAMS 0x0000000086b00000, 0x0000000086b00000| Untracked 
|  90|0x0000000086c00000, 0x0000000086c00000, 0x0000000086d00000|  0%| F|  |TAMS 0x0000000086c00000, 0x0000000086c00000| Untracked 
|  91|0x0000000086d00000, 0x0000000086d00000, 0x0000000086e00000|  0%| F|  |TAMS 0x0000000086d00000, 0x0000000086d00000| Untracked 
|  92|0x0000000086e00000, 0x0000000086e00000, 0x0000000086f00000|  0%| F|  |TAMS 0x0000000086e00000, 0x0000000086e00000| Untracked 
|  93|0x0000000086f00000, 0x0000000086f00000, 0x0000000087000000|  0%| F|  |TAMS 0x0000000086f00000, 0x0000000086f00000| Untracked 
|  94|0x0000000087000000, 0x0000000087000000, 0x0000000087100000|  0%| F|  |TAMS 0x0000000087000000, 0x0000000087000000| Untracked 
|  95|0x0000000087100000, 0x0000000087100000, 0x0000000087200000|  0%| F|  |TAMS 0x0000000087100000, 0x0000000087100000| Untracked 
|  96|0x0000000087200000, 0x0000000087200000, 0x0000000087300000|  0%| F|  |TAMS 0x0000000087200000, 0x0000000087200000| Untracked 
|  97|0x0000000087300000, 0x0000000087300000, 0x0000000087400000|  0%| F|  |TAMS 0x0000000087300000, 0x0000000087300000| Untracked 
|  98|0x0000000087400000, 0x0000000087400000, 0x0000000087500000|  0%| F|  |TAMS 0x0000000087400000, 0x0000000087400000| Untracked 
|  99|0x0000000087500000, 0x0000000087500000, 0x0000000087600000|  0%| F|  |TAMS 0x0000000087500000, 0x0000000087500000| Untracked 
| 100|0x0000000087600000, 0x0000000087600000, 0x0000000087700000|  0%| F|  |TAMS 0x0000000087600000, 0x0000000087600000| Untracked 
| 101|0x0000000087700000, 0x0000000087700000, 0x0000000087800000|  0%| F|  |TAMS 0x0000000087700000, 0x0000000087700000| Untracked 
| 102|0x0000000087800000, 0x0000000087800000, 0x0000000087900000|  0%| F|  |TAMS 0x0000000087800000, 0x0000000087800000| Untracked 
| 103|0x0000000087900000, 0x0000000087900000, 0x0000000087a00000|  0%| F|  |TAMS 0x0000000087900000, 0x0000000087900000| Untracked 
| 104|0x0000000087a00000, 0x0000000087a00000, 0x0000000087b00000|  0%| F|  |TAMS 0x0000000087a00000, 0x0000000087a00000| Untracked 
| 105|0x0000000087b00000, 0x0000000087b00000, 0x0000000087c00000|  0%| F|  |TAMS 0x0000000087b00000, 0x0000000087b00000| Untracked 
| 106|0x0000000087c00000, 0x0000000087c00000, 0x0000000087d00000|  0%| F|  |TAMS 0x0000000087c00000, 0x0000000087c00000| Untracked 
| 107|0x0000000087d00000, 0x0000000087d00000, 0x0000000087e00000|  0%| F|  |TAMS 0x0000000087d00000, 0x0000000087d00000| Untracked 
| 108|0x0000000087e00000, 0x0000000087e00000, 0x0000000087f00000|  0%| F|  |TAMS 0x0000000087e00000, 0x0000000087e00000| Untracked 
| 109|0x0000000087f00000, 0x0000000087f00000, 0x0000000088000000|  0%| F|  |TAMS 0x0000000087f00000, 0x0000000087f00000| Untracked 
| 110|0x0000000088000000, 0x0000000088000000, 0x0000000088100000|  0%| F|  |TAMS 0x0000000088000000, 0x0000000088000000| Untracked 
| 111|0x0000000088100000, 0x0000000088100000, 0x0000000088200000|  0%| F|  |TAMS 0x0000000088100000, 0x0000000088100000| Untracked 
| 112|0x0000000088200000, 0x0000000088200000, 0x0000000088300000|  0%| F|  |TAMS 0x0000000088200000, 0x0000000088200000| Untracked 
| 113|0x0000000088300000, 0x0000000088300000, 0x0000000088400000|  0%| F|  |TAMS 0x0000000088300000, 0x0000000088300000| Untracked 
| 114|0x0000000088400000, 0x0000000088400000, 0x0000000088500000|  0%| F|  |TAMS 0x0000000088400000, 0x0000000088400000| Untracked 
| 115|0x0000000088500000, 0x0000000088500000, 0x0000000088600000|  0%| F|  |TAMS 0x0000000088500000, 0x0000000088500000| Untracked 
| 116|0x0000000088600000, 0x0000000088600000, 0x0000000088700000|  0%| F|  |TAMS 0x0000000088600000, 0x0000000088600000| Untracked 
| 117|0x0000000088700000, 0x0000000088700000, 0x0000000088800000|  0%| F|  |TAMS 0x0000000088700000, 0x0000000088700000| Untracked 
| 118|0x0000000088800000, 0x0000000088800000, 0x0000000088900000|  0%| F|  |TAMS 0x0000000088800000, 0x0000000088800000| Untracked 
| 119|0x0000000088900000, 0x0000000088900000, 0x0000000088a00000|  0%| F|  |TAMS 0x0000000088900000, 0x0000000088900000| Untracked 
| 120|0x0000000088a00000, 0x0000000088a00000, 0x0000000088b00000|  0%| F|  |TAMS 0x0000000088a00000, 0x0000000088a00000| Untracked 
| 121|0x0000000088b00000, 0x0000000088b00000, 0x0000000088c00000|  0%| F|  |TAMS 0x0000000088b00000, 0x0000000088b00000| Untracked 
| 122|0x0000000088c00000, 0x0000000088c00000, 0x0000000088d00000|  0%| F|  |TAMS 0x0000000088c00000, 0x0000000088c00000| Untracked 
| 123|0x0000000088d00000, 0x0000000088d00000, 0x0000000088e00000|  0%| F|  |TAMS 0x0000000088d00000, 0x0000000088d00000| Untracked 
| 124|0x0000000088e00000, 0x0000000088e00000, 0x0000000088f00000|  0%| F|  |TAMS 0x0000000088e00000, 0x0000000088e00000| Untracked 
| 125|0x0000000088f00000, 0x0000000088f00000, 0x0000000089000000|  0%| F|  |TAMS 0x0000000088f00000, 0x0000000088f00000| Untracked 
| 126|0x0000000089000000, 0x00000000890f6458, 0x0000000089100000| 96%| E|  |TAMS 0x0000000089000000, 0x0000000089000000| Complete 
| 127|0x0000000089100000, 0x0000000089200000, 0x0000000089200000|100%| E|CS|TAMS 0x0000000089100000, 0x0000000089100000| Complete 

Card table byte_map: [0x000001246a740000,0x000001246ab40000] _byte_map_base: 0x000001246a337000

Marking Bits (Prev, Next): (CMBitMap*) 0x000001245732f5d8, (CMBitMap*) 0x000001245732f610
 Prev Bits: [0x000001246af40000, 0x000001246cef8000)
 Next Bits: [0x000001246cf00000, 0x000001246eeb8000)

Polling page: 0x0000012455280000

Metaspace:

Usage:
  Non-class:      5.61 MB capacity,     5.55 MB ( 99%) used,    58.76 KB (  1%) free+waste,     3.50 KB ( <1%) overhead. 
      Class:    570.00 KB capacity,   546.27 KB ( 96%) used,    22.11 KB (  4%) free+waste,     1.63 KB ( <1%) overhead. 
       Both:      6.17 MB capacity,     6.08 MB ( 99%) used,    80.87 KB (  1%) free+waste,     5.13 KB ( <1%) overhead. 

Virtual space:
  Non-class space:       12.00 MB reserved,       5.75 MB ( 48%) committed 
      Class space:        1.00 GB reserved,     640.00 KB ( <1%) committed 
             Both:        1.01 GB reserved,       6.38 MB ( <1%) committed 

Chunk freelists:
   Non-Class:  13.00 KB
       Class:  6.00 KB
        Both:  19.00 KB

MaxMetaspaceSize: 17179869184.00 GB
CompressedClassSpaceSize: 1.00 GB

CodeHeap 'non-profiled nmethods': size=120000Kb used=54Kb max_used=54Kb free=119945Kb
 bounds [0x00000124628c0000, 0x0000012462b30000, 0x0000012469df0000]
CodeHeap 'profiled nmethods': size=120000Kb used=201Kb max_used=201Kb free=119798Kb
 bounds [0x000001245b390000, 0x000001245b600000, 0x00000124628c0000]
CodeHeap 'non-nmethods': size=5760Kb used=1056Kb max_used=1062Kb free=4703Kb
 bounds [0x000001245adf0000, 0x000001245b060000, 0x000001245b390000]
 total_blobs=536 nmethods=190 adapters=258
 compilation: enabled
              stopped_count=0, restarted_count=0
 full_count=0

Compilation events (20 events):
Event: 2.283 Thread 0x00000124724bd800  163       3       jdk.internal.org.objectweb.asm.ByteVector::putUTF8 (142 bytes)
Event: 2.284 Thread 0x00000124724bd800 nmethod 163 0x000001245b3bee10 code [0x000001245b3bf0a0, 0x000001245b3bfb88]
Event: 2.284 Thread 0x00000124724bd800  164       3       java.lang.invoke.LambdaForm$BasicType::basicType (19 bytes)
Event: 2.285 Thread 0x00000124724bd800 nmethod 164 0x000001245b3c0090 code [0x000001245b3c0260, 0x000001245b3c0498]
Event: 2.285 Thread 0x00000124724bd800  165       1       java.lang.invoke.LambdaForm$Name::index (5 bytes)
Event: 2.285 Thread 0x00000124724bd800 nmethod 165 0x00000124628ca710 code [0x00000124628ca8c0, 0x00000124628ca978]
Event: 2.285 Thread 0x00000124724bd800  167       3       java.lang.StringBuilder::append (8 bytes)
Event: 2.285 Thread 0x00000124724bd800 nmethod 167 0x000001245b3c0610 code [0x000001245b3c07c0, 0x000001245b3c0908]
Event: 2.285 Thread 0x00000124724bd800  168       3       java.lang.AbstractStringBuilder::append (45 bytes)
Event: 2.285 Thread 0x0000012471b6d000  169       4       java.lang.StringLatin1::indexOf (61 bytes)
Event: 2.285 Thread 0x00000124724bd800 nmethod 168 0x000001245b3c0990 code [0x000001245b3c0bc0, 0x000001245b3c10d8]
Event: 2.286 Thread 0x00000124724bd800  171       3       java.lang.String::getBytes (44 bytes)
Event: 2.286 Thread 0x00000124724bd800 nmethod 171 0x000001245b3c1310 code [0x000001245b3c1500, 0x000001245b3c1838]
Event: 2.286 Thread 0x00000124724bd800  175       3       java.util.Arrays::copyOf (40 bytes)
Event: 2.287 Thread 0x00000124724bd800 nmethod 175 0x000001245b3c1990 code [0x000001245b3c1ba0, 0x000001245b3c2248]
Event: 2.287 Thread 0x00000124724bd800  174       1       java.lang.invoke.MethodHandle::type (5 bytes)
Event: 2.287 Thread 0x00000124724bd800 nmethod 174 0x00000124628cb210 code [0x00000124628cb3c0, 0x00000124628cb478]
Event: 2.287 Thread 0x00000124724bd800  177       1       sun.invoke.util.Wrapper::basicTypeChar (5 bytes)
Event: 2.287 Thread 0x00000124724bd800 nmethod 177 0x00000124628cb510 code [0x00000124628cb6c0, 0x00000124628cb778]
Event: 2.287 Thread 0x00000124724bd800  179       3       sun.invoke.util.Wrapper::hashPrim (30 bytes)

GC Heap History (0 events):
No events

Deoptimization events (4 events):
Event: 0.151 Thread 0x00000124572ef800 Uncommon trap: trap_request=0xffffff4d fr.pc=0x00000124628c3e90 relative=0x00000000000001f0
Event: 0.152 Thread 0x00000124572ef800 Uncommon trap: reason=unstable_if action=reinterpret pc=0x00000124628c3e90 method=java.lang.String.hashCode()I @ 14 c2
Event: 0.152 Thread 0x00000124572ef800 DEOPT PACKING pc=0x00000124628c3e90 sp=0x0000001b3e1fd660
Event: 0.152 Thread 0x00000124572ef800 DEOPT UNPACKING pc=0x000001245ae1662f sp=0x0000001b3e1fd5f8 mode 2

Classes redefined (0 events):
No events

Internal exceptions (0 events):
No events

Events (20 events):
Event: 2.270 loading class jdk/internal/org/objectweb/asm/Label
Event: 2.271 loading class jdk/internal/org/objectweb/asm/Label done
Event: 2.271 loading class jdk/internal/org/objectweb/asm/Frame
Event: 2.271 loading class jdk/internal/org/objectweb/asm/Frame done
Event: 2.272 loading class jdk/internal/org/objectweb/asm/AnnotationWriter
Event: 2.272 loading class jdk/internal/org/objectweb/asm/AnnotationVisitor
Event: 2.272 loading class jdk/internal/org/objectweb/asm/AnnotationVisitor done
Event: 2.272 loading class jdk/internal/org/objectweb/asm/AnnotationWriter done
Event: 2.272 loading class java/lang/invoke/InvokerBytecodeGenerator$CpPatch
Event: 2.272 loading class java/lang/invoke/InvokerBytecodeGenerator$CpPatch done
Event: 2.274 loading class java/lang/invoke/BoundMethodHandle$Species_LL
Event: 2.275 loading class java/lang/invoke/BoundMethodHandle$Species_LL done
Event: 2.279 loading class java/lang/invoke/BoundMethodHandle$Species_LLL
Event: 2.279 loading class java/lang/invoke/BoundMethodHandle$Species_LLL done
Event: 2.281 loading class java/lang/invoke/BoundMethodHandle$Species_LLLL
Event: 2.281 loading class java/lang/invoke/BoundMethodHandle$Species_LLLL done
Event: 2.285 loading class java/lang/invoke/BoundMethodHandle$Species_LLLLL
Event: 2.285 loading class java/lang/invoke/BoundMethodHandle$Species_LLLLL done
Event: 2.287 loading class java/lang/invoke/BoundMethodHandle$Species_LLLLLL
Event: 2.287 loading class java/lang/invoke/BoundMethodHandle$Species_LLLLLL done


Dynamic libraries:
0x00007ff7e7330000 - 0x00007ff7e733a000 	D:\android studio\jre\bin\java.exe
0x00007ffee5f50000 - 0x00007ffee6145000 	C:\WINDOWS\SYSTEM32\ntdll.dll
0x00007ffee5650000 - 0x00007ffee570e000 	C:\WINDOWS\System32\KERNEL32.DLL
0x00007ffee37c0000 - 0x00007ffee3a88000 	C:\WINDOWS\System32\KERNELBASE.dll
0x00007ffee3be0000 - 0x00007ffee3ce0000 	C:\WINDOWS\System32\ucrtbase.dll
0x00007ffeafe10000 - 0x00007ffeafe29000 	D:\android studio\jre\bin\jli.dll
0x00007ffeafdf0000 - 0x00007ffeafe07000 	D:\android studio\jre\bin\VCRUNTIME140.dll
0x00007ffee5220000 - 0x00007ffee53c0000 	C:\WINDOWS\System32\USER32.dll
0x00007ffee3700000 - 0x00007ffee3722000 	C:\WINDOWS\System32\win32u.dll
0x00007ffee57c0000 - 0x00007ffee57eb000 	C:\WINDOWS\System32\GDI32.dll
0x00007ffed4020000 - 0x00007ffed42ba000 	C:\WINDOWS\WinSxS\amd64_microsoft.windows.common-controls_6595b64144ccf1df_6.0.19041.1110_none_60b5254171f9507e\COMCTL32.dll
0x00007ffee3e40000 - 0x00007ffee3f4d000 	C:\WINDOWS\System32\gdi32full.dll
0x00007ffee4a20000 - 0x00007ffee4abe000 	C:\WINDOWS\System32\msvcrt.dll
0x00007ffee3660000 - 0x00007ffee36fd000 	C:\WINDOWS\System32\msvcp_win.dll
0x00007ffee5470000 - 0x00007ffee54a0000 	C:\WINDOWS\System32\IMM32.DLL
0x00007ffe78f80000 - 0x00007ffe7901d000 	D:\android studio\jre\bin\msvcp140.dll
0x00007ffe64500000 - 0x00007ffe64fd5000 	D:\android studio\jre\bin\server\jvm.dll
0x00007ffee53c0000 - 0x00007ffee546e000 	C:\WINDOWS\System32\ADVAPI32.dll
0x00007ffee4080000 - 0x00007ffee411c000 	C:\WINDOWS\System32\sechost.dll
0x00007ffee4ac0000 - 0x00007ffee4be5000 	C:\WINDOWS\System32\RPCRT4.dll
0x00007ffee57f0000 - 0x00007ffee57f8000 	C:\WINDOWS\System32\PSAPI.DLL
0x00007ffed6760000 - 0x00007ffed6787000 	C:\WINDOWS\SYSTEM32\WINMM.dll
0x00007ffedc8b0000 - 0x00007ffedc8ba000 	C:\WINDOWS\SYSTEM32\VERSION.dll
0x00007ffedea50000 - 0x00007ffedea59000 	C:\WINDOWS\SYSTEM32\WSOCK32.dll
0x00007ffee4bf0000 - 0x00007ffee4c5b000 	C:\WINDOWS\System32\WS2_32.dll
0x00007ffee1510000 - 0x00007ffee1522000 	C:\WINDOWS\SYSTEM32\kernel.appcore.dll
0x00007ffedea30000 - 0x00007ffedea41000 	D:\android studio\jre\bin\verify.dll
0x00007ffed7100000 - 0x00007ffed72e4000 	C:\WINDOWS\SYSTEM32\DBGHELP.DLL
0x00007ffecbe40000 - 0x00007ffecbe6c000 	C:\WINDOWS\SYSTEM32\dbgcore.DLL
0x00007ffee3730000 - 0x00007ffee37b2000 	C:\WINDOWS\System32\bcryptPrimitives.dll
0x00007ffeaa2b0000 - 0x00007ffeaa2d9000 	D:\android studio\jre\bin\java.dll
0x00007ffedce10000 - 0x00007ffedce1b000 	D:\android studio\jre\bin\jimage.dll
0x00007ffe71580000 - 0x00007ffe71598000 	D:\android studio\jre\bin\zip.dll
0x00007ffee42d0000 - 0x00007ffee4a14000 	C:\WINDOWS\System32\SHELL32.dll
0x00007ffee1710000 - 0x00007ffee1ea4000 	C:\WINDOWS\SYSTEM32\windows.storage.dll
0x00007ffee4da0000 - 0x00007ffee50f5000 	C:\WINDOWS\System32\combase.dll
0x00007ffee30b0000 - 0x00007ffee30de000 	C:\WINDOWS\SYSTEM32\Wldp.dll
0x00007ffee5710000 - 0x00007ffee57bd000 	C:\WINDOWS\System32\SHCORE.dll
0x00007ffee5110000 - 0x00007ffee5165000 	C:\WINDOWS\System32\shlwapi.dll
0x00007ffee35a0000 - 0x00007ffee35bf000 	C:\WINDOWS\SYSTEM32\profapi.dll
0x00007ffe6c6a0000 - 0x00007ffe6c6ba000 	D:\android studio\jre\bin\net.dll
0x00007ffed9520000 - 0x00007ffed962c000 	C:\WINDOWS\SYSTEM32\WINHTTP.dll
0x00007ffee2d50000 - 0x00007ffee2dba000 	C:\WINDOWS\system32\mswsock.dll
0x00007ffe6c3f0000 - 0x00007ffe6c404000 	D:\android studio\jre\bin\nio.dll

dbghelp: loaded successfully - version: 4.0.5 - missing functions: none
symbol engine: initialized successfully - sym options: 0x614 - pdb path: .;D:\android studio\jre\bin;C:\WINDOWS\SYSTEM32;C:\WINDOWS\WinSxS\amd64_microsoft.windows.common-controls_6595b64144ccf1df_6.0.19041.1110_none_60b5254171f9507e;D:\android studio\jre\bin\server

VM Arguments:
java_command: org.jetbrains.git4idea.http.GitAskPassApp Password for 'https://Anggihasian009@github.com': 
java_class_path (initial): D:/android studio/plugins/git4idea/lib/git4idea-rt.jar;D:/android studio/lib/xmlrpc-2.0.1.jar;D:/android studio/lib/commons-codec-1.15.jar
Launcher Type: SUN_STANDARD

[Global flags]
     intx CICompilerCount                          = 4                                         {product} {ergonomic}
     uint ConcGCThreads                            = 3                                         {product} {ergonomic}
     uint G1ConcRefinementThreads                  = 10                                        {product} {ergonomic}
   size_t G1HeapRegionSize                         = 1048576                                   {product} {ergonomic}
    uintx GCDrainStackTargetSize                   = 64                                        {product} {ergonomic}
   size_t InitialHeapSize                          = 134217728                                 {product} {ergonomic}
   size_t MarkStackSize                            = 4194304                                   {product} {ergonomic}
   size_t MaxHeapSize                              = 2128609280                                {product} {ergonomic}
   size_t MaxNewSize                               = 1277165568                                {product} {ergonomic}
   size_t MinHeapDeltaBytes                        = 1048576                                   {product} {ergonomic}
    uintx NonNMethodCodeHeapSize                   = 5836300                                {pd product} {ergonomic}
    uintx NonProfiledCodeHeapSize                  = 122910970                              {pd product} {ergonomic}
    uintx ProfiledCodeHeapSize                     = 122910970                              {pd product} {ergonomic}
    uintx ReservedCodeCacheSize                    = 251658240                              {pd product} {ergonomic}
     bool SegmentedCodeCache                       = true                                      {product} {ergonomic}
     bool UseCompressedClassPointers               = true                                 {lp64_product} {ergonomic}
     bool UseCompressedOops                        = true                                 {lp64_product} {ergonomic}
     bool UseG1GC                                  = true                                      {product} {ergonomic}
     bool UseLargePagesIndividualAllocation        = false                                  {pd product} {ergonomic}

Logging:
Log output configuration:
 #0: stdout all=warning uptime,level,tags
 #1: stderr all=off uptime,level,tags

Environment Variables:
PATH=C:/Program Files/Git/mingw64/libexec/git-core;C:/Program Files/Git/mingw64/libexec/git-core;C:\Program Files\Git\mingw64\bin;C:\Program Files\Git\usr\bin;C:\Users\Lenovo\bin;C:\Program Files (x86)\Common Files\Intel\Shared Libraries\redist\intel64\compiler;C:\Windows\system32;C:\Windows;C:\Windows\System32\Wbem;C:\Windows\System32\WindowsPowerShell\v1.0\;C:\Windows\System32\OpenSSH\;C:\Program Files (x86)\NVIDIA Corporation\PhysX\Common;C:\Program Files\NVIDIA Corporation\NVIDIA NvDLISR;C:\Program Files\Microsoft SQL Server\Client SDK\ODBC\170\Tools\Binn\;C:\Program Files (x86)\Microsoft SQL Server\150\Tools\Binn\;C:\Program Files\Microsoft SQL Server\150\Tools\Binn\;C:\Program Files\Microsoft SQL Server\150\DTS\Binn\;C:\Users\Lenovo\AppData\Roaming\Python\Python39\Scripts;C:\Program Files (x86)\Microsoft SQL Server\150\DTS\Binn\;C:\Program Files\Azure Data Studio\bin;C:\Program Files\dotnet\;C:\WINDOWS\system32;C:\WINDOWS;C:\WINDOWS\System32\Wbem;C:\WINDOWS\System32\WindowsPowerShell\v1.0\;C:\WINDOWS\System32\OpenSSH\;C;C:\Program Files\Microsoft SQL Server\130\Tools\Binn\;C:\HashiCorp\Vagrant\bin;C:\Program Files\Git\cmd;C:\Program Files\Docker\Docker\resources\bin;C:\ProgramData\DockerDesktop\version-bin;D:\Kubernetes\Minikube;C:\Program Files (x86)\dotnet\;C:\Users\Lenovo\AppData\Local\Programs\Python\Python39\Scripts\;C:\Users\Lenovo\AppData\Local\Programs\Python\Python39\;C:\Users\Lenovo\AppData\Local\Microsoft\WindowsApps;C:\Users\Lenovo\AppData\Local\Programs\Microsoft VS Code\bin;C:\Program Files\Azure Data Studio\bin;C:\Users\Lenovo\.dotnet\tools;C:\Users\Lenovo\AppData\Local\GitHubDesktop\bin
USERNAME=Lenovo
DISPLAY=:0.0
LC_ALL=en_US.UTF-8
OS=Windows_NT
PROCESSOR_IDENTIFIER=Intel64 Family 6 Model 158 Stepping 13, GenuineIntel



---------------  S Y S T E M  ---------------

OS: Windows 10 , 64 bit Build 19041 (10.0.19041.1503)
OS uptime: 0 days 0:14 hours
Hyper-V role detected

CPU:total 12 (initial active 12) (6 cores per cpu, 2 threads per core) family 6 model 158 stepping 13 microcode 0xc6, cmov, cx8, fxsr, mmx, sse, sse2, sse3, ssse3, sse4.1, sse4.2, popcnt, avx, avx2, aes, clmul, erms, 3dnowpref, lzcnt, ht, tsc, tscinvbit, bmi1, bmi2, adx, fma

Memory: 4k page, system-wide physical 8112M (274M free)
TotalPageFile size 12373M (AvailPageFile size 0M)
current process WorkingSet (physical memory assigned to process): 37M, peak: 37M
current process commit charge ("private bytes"): 209M, peak: 209M

vm_info: OpenJDK 64-Bit Server VM (11.0.11+9-b60-7590822) for windows-amd64 JRE (11.0.11+9-b60-7590822), built on Jul 29 2021 21:43:44 by "builder" with MS VC++ 14.0 (VS2015)

END.
